# JRE version: Java(TM) SE Runtime Environment (17.0.8+9) (build 17.0.8+9-LTS-211)
# Java VM: Java HotSpot(TM) 64-Bit Server VM (17.0.8+9-LTS-211, mixed mode, sharing, tiered, compressed oops, compressed class ptrs, g1 gc, windows-amd64)
GC Precious Log:
 CPUs: 8 total, 8 available
 Memory: 16179M
 Large Page Support: Disabled
 NUMA Support: Disabled
 Compressed Oops: Enabled (Zero based)
 Heap Region Size: 2M
 Heap Min Capacity: 8M
 Heap Initial Capacity: 254M
 Heap Max Capacity: 4046M
 Pre-touch: Disabled
 Parallel Workers: 8
 Concurrent Workers: 2
 Concurrent Refinement Workers: 8
 Periodic GC: Disabled
Heap:
 garbage-first heap   total 155648K, used 41649K [0x0000000703200000, 0x0000000800000000)
  region size 2048K, 15 young (30720K), 1 survivors (2048K)
 Metaspace       used 28494K, committed 28800K, reserved 1114112K
  class space    used 3319K, committed 3456K, reserved 1048576K
GC Heap History (12 events):
Event: 0.442 GC heap before
{Heap before GC invocations=0 (full 0):
 garbage-first heap   total 260096K, used 22528K [0x0000000703200000, 0x0000000800000000)
  region size 2048K, 11 young (22528K), 0 survivors (0K)
 Metaspace       used 5436K, committed 5632K, reserved 1114112K
  class space    used 651K, committed 768K, reserved 1048576K
}
Event: 0.445 GC heap after
{Heap after GC invocations=1 (full 0):
 garbage-first heap   total 260096K, used 3875K [0x0000000703200000, 0x0000000800000000)
  region size 2048K, 2 young (4096K), 2 survivors (4096K)
 Metaspace       used 5436K, committed 5632K, reserved 1114112K
  class space    used 651K, committed 768K, reserved 1048576K
}
Event: 0.859 GC heap before
{Heap before GC invocations=1 (full 0):
 garbage-first heap   total 260096K, used 34595K [0x0000000703200000, 0x0000000800000000)
  region size 2048K, 17 young (34816K), 2 survivors (4096K)
 Metaspace       used 10027K, committed 10176K, reserved 1114112K
  class space    used 1228K, committed 1280K, reserved 1048576K
}
Event: 0.863 GC heap after
{Heap after GC invocations=2 (full 0):
 garbage-first heap   total 260096K, used 5600K [0x0000000703200000, 0x0000000800000000)
  region size 2048K, 1 young (2048K), 1 survivors (2048K)
 Metaspace       used 10027K, committed 10176K, reserved 1114112K
  class space    used 1228K, committed 1280K, reserved 1048576K
}
Event: 2.049 GC heap before
{Heap before GC invocations=2 (full 0):
 garbage-first heap   total 260096K, used 79328K [0x0000000703200000, 0x0000000800000000)
  region size 2048K, 38 young (77824K), 1 survivors (2048K)
 Metaspace       used 21284K, committed 21504K, reserved 1114112K
  class space    used 2561K, committed 2688K, reserved 1048576K
}
Event: 2.054 GC heap after
{Heap after GC invocations=3 (full 0):
 garbage-first heap   total 260096K, used 11568K [0x0000000703200000, 0x0000000800000000)
  region size 2048K, 4 young (8192K), 4 survivors (8192K)
 Metaspace       used 21284K, committed 21504K, reserved 1114112K
  class space    used 2561K, committed 2688K, reserved 1048576K
}
Event: 2.447 GC heap before
{Heap before GC invocations=4 (full 0):
 garbage-first heap   total 49152K, used 32048K [0x0000000703200000, 0x0000000800000000)
  region size 2048K, 14 young (28672K), 4 survivors (8192K)
 Metaspace       used 25322K, committed 25600K, reserved 1114112K
  class space    used 2999K, committed 3136K, reserved 1048576K
}
Event: 2.454 GC heap after
{Heap after GC invocations=5 (full 0):
 garbage-first heap   total 49152K, used 14024K [0x0000000703200000, 0x0000000800000000)
  region size 2048K, 2 young (4096K), 2 survivors (4096K)
 Metaspace       used 25322K, committed 25600K, reserved 1114112K
  class space    used 2999K, committed 3136K, reserved 1048576K
}
Event: 2.470 GC heap before
{Heap before GC invocations=5 (full 0):
 garbage-first heap   total 49152K, used 16072K [0x0000000703200000, 0x0000000800000000)
  region size 2048K, 3 young (6144K), 2 survivors (4096K)
 Metaspace       used 25329K, committed 25600K, reserved 1114112K
  class space    used 2999K, committed 3136K, reserved 1048576K
}
Event: 2.475 GC heap after
{Heap after GC invocations=6 (full 0):
 garbage-first heap   total 49152K, used 14389K [0x0000000703200000, 0x0000000800000000)
  region size 2048K, 1 young (2048K), 1 survivors (2048K)
 Metaspace       used 25329K, committed 25600K, reserved 1114112K
  class space    used 2999K, committed 3136K, reserved 1048576K
}
Event: 2.656 GC heap before
{Heap before GC invocations=6 (full 0):
 garbage-first heap   total 49152K, used 32821K [0x0000000703200000, 0x0000000800000000)
  region size 2048K, 10 young (20480K), 1 survivors (2048K)
 Metaspace       used 25540K, committed 25856K, reserved 1114112K
  class space    used 3001K, committed 3136K, reserved 1048576K
}
Event: 2.659 GC heap after
{Heap after GC invocations=7 (full 0):
 garbage-first heap   total 155648K, used 15025K [0x0000000703200000, 0x0000000800000000)
  region size 2048K, 1 young (2048K), 1 survivors (2048K)
 Metaspace       used 25540K, committed 25856K, reserved 1114112K
  class space    used 3001K, committed 3136K, reserved 1048576K
}

